[debug] [2020-02-10T08:59:54.430Z] ----------------------------------------------------------------------
[debug] [2020-02-10T08:59:54.434Z] Command:       /usr/local/Cellar/node/12.10.0/bin/node /usr/local/bin/firebase deploy
[debug] [2020-02-10T08:59:54.434Z] CLI Version:   7.12.1
[debug] [2020-02-10T08:59:54.434Z] Platform:      darwin
[debug] [2020-02-10T08:59:54.434Z] Node Version:  v12.10.0
[debug] [2020-02-10T08:59:54.436Z] Time:          Mon Feb 10 2020 17:59:54 GMT+0900 (日本標準時)
[debug] [2020-02-10T08:59:54.436Z] ----------------------------------------------------------------------
[debug] [2020-02-10T08:59:54.436Z] 
[debug] [2020-02-10T08:59:54.451Z] > command requires scopes: ["email","openid","https://www.googleapis.com/auth/cloudplatformprojects.readonly","https://www.googleapis.com/auth/firebase","https://www.googleapis.com/auth/cloud-platform"]
[debug] [2020-02-10T08:59:54.451Z] > authorizing via signed-in user
[debug] [2020-02-10T08:59:54.452Z] [iam] checking project posiidev for permissions ["cloudfunctions.functions.create","cloudfunctions.functions.delete","cloudfunctions.functions.get","cloudfunctions.functions.list","cloudfunctions.functions.update","cloudfunctions.operations.get","firebase.projects.get","firebasehosting.sites.update"]
[debug] [2020-02-10T08:59:54.454Z] > refreshing access token with scopes: ["email","https://www.googleapis.com/auth/cloud-platform","https://www.googleapis.com/auth/cloudplatformprojects.readonly","https://www.googleapis.com/auth/firebase","openid"]
[debug] [2020-02-10T08:59:54.454Z] >>> HTTP REQUEST POST https://www.googleapis.com/oauth2/v3/token  
 <request body omitted>
[debug] [2020-02-10T08:59:54.812Z] <<< HTTP RESPONSE 200
[debug] [2020-02-10T08:59:54.830Z] >>> HTTP REQUEST POST https://cloudresourcemanager.googleapis.com/v1/projects/posiidev:testIamPermissions  

[debug] [2020-02-10T08:59:55.617Z] <<< HTTP RESPONSE 200
[debug] [2020-02-10T08:59:55.619Z] >>> HTTP REQUEST GET https://firebase.googleapis.com/v1beta1/projects/posiidev  
 
[debug] [2020-02-10T08:59:56.538Z] <<< HTTP RESPONSE 200
[info] 
[info] === Deploying to 'posiidev'...
[info] 
[info] i  deploying functions, hosting
[debug] [2020-02-10T09:00:01.567Z] > [functions] package.json contents: {
  "name": "functions",
  "description": "Cloud Functions for Firebase",
  "scripts": {
    "serve": "firebase serve --only functions",
    "shell": "firebase functions:shell",
    "start": "npm run shell",
    "deploy": "firebase deploy --only functions",
    "logs": "firebase functions:log"
  },
  "engines": {
    "node": "8"
  },
  "dependencies": {
    "firebase-admin": "^8.6.0",
    "firebase-functions": "^3.3.0"
  },
  "devDependencies": {
    "firebase-functions-test": "^0.1.6"
  },
  "private": true
}
[info] i  functions: ensuring necessary APIs are enabled...
[debug] [2020-02-10T09:00:01.569Z] >>> HTTP REQUEST GET https://serviceusage.googleapis.com/v1/projects/posiidev/services/cloudfunctions.googleapis.com  
 
[debug] [2020-02-10T09:00:01.569Z] >>> HTTP REQUEST GET https://serviceusage.googleapis.com/v1/projects/posiidev/services/runtimeconfig.googleapis.com  
 
[debug] [2020-02-10T09:00:02.728Z] <<< HTTP RESPONSE 200
[debug] [2020-02-10T09:00:02.737Z] <<< HTTP RESPONSE 200
[info] ✔  functions: all necessary APIs are enabled
[debug] [2020-02-10T09:00:02.738Z] >>> HTTP REQUEST GET https://firebase.googleapis.com/v1beta1/projects/posiidev/adminSdkConfig  
 
[debug] [2020-02-10T09:00:03.339Z] <<< HTTP RESPONSE 200
[debug] [2020-02-10T09:00:03.341Z] >>> HTTP REQUEST POST https://firebasehosting.googleapis.com/v1beta1/sites/posiidev/versions  

[debug] [2020-02-10T09:00:04.889Z] <<< HTTP RESPONSE 200
[info] i  functions: preparing functions directory for uploading...
[debug] [2020-02-10T09:00:04.893Z] >>> HTTP REQUEST GET https://runtimeconfig.googleapis.com/v1beta1/projects/posiidev/configs  
 
[debug] [2020-02-10T09:00:05.290Z] <<< HTTP RESPONSE 200
[info] i  functions: packaged functions (27.62 KB) for uploading
[debug] [2020-02-10T09:00:06.290Z] >>> HTTP REQUEST POST https://cloudfunctions.googleapis.com/v1/projects/posiidev/locations/us-central1/functions:generateUploadUrl  
 
[debug] [2020-02-10T09:00:07.029Z] <<< HTTP RESPONSE 200
[debug] [2020-02-10T09:00:07.030Z] >>> HTTP REQUEST PUT https://storage.googleapis.com/gcf-upload-us-central1-d7554c20-3989-4ba4-bbec-e75bd67b6aba/c1fda455-d708-4487-b3c6-05788f815029.zip?GoogleAccessId=service-617046991056@gcf-admin-robot.iam.gserviceaccount.com&Expires=1581327006&Signature=QGlGtqYeDJewNz6iFnA5AwbMUjWgAY7YqIJ3w2ivlYCX1LzxSzZDN%2FvEd4jWoAb4PWrnyiBFylgTizWw87kDjAbLiyPzMGAsbcM%2B%2FF%2FYHxK%2BVQWmVYk07QNBV3Spv3e59TTlrTt%2FZPKtQbAV1shIGwOpJT4TqKSkyjVe8CZ31DJTg4Ji5dLaRb%2FTipD9QvD%2B5SWvn3gXSB49NpLOq7mF3I5Vqc1CrtZz6y1ZyMMYo21GV7rXcl2kkJdmTOAmS%2BGLdiKdpA0PtQZt794zW%2FPcDvGoK9%2Fbr4bjCGVravz1TZKYutnxJexRQbOwI4iLHtr%2FsH5p991W8vorAppBZEZVAA%3D%3D  
 <request body omitted>
[debug] [2020-02-10T09:00:07.432Z] <<< HTTP RESPONSE 200
[info] ✔  functions: functions folder uploaded successfully
[info] i  hosting[posiidev]: beginning deploy...
[info] i  hosting[posiidev]: found 21 files in build
