[debug] [2020-02-10T09:07:54.785Z] ----------------------------------------------------------------------
[debug] [2020-02-10T09:07:54.788Z] Command:       /usr/local/Cellar/node/12.10.0/bin/node /usr/local/bin/firebase deploy
[debug] [2020-02-10T09:07:54.788Z] CLI Version:   7.12.1
[debug] [2020-02-10T09:07:54.788Z] Platform:      darwin
[debug] [2020-02-10T09:07:54.788Z] Node Version:  v12.10.0
[debug] [2020-02-10T09:07:54.790Z] Time:          Mon Feb 10 2020 18:07:54 GMT+0900 (日本標準時)
[debug] [2020-02-10T09:07:54.791Z] ----------------------------------------------------------------------
[debug] [2020-02-10T09:07:54.791Z] 
[debug] [2020-02-10T09:07:54.805Z] > command requires scopes: ["email","openid","https://www.googleapis.com/auth/cloudplatformprojects.readonly","https://www.googleapis.com/auth/firebase","https://www.googleapis.com/auth/cloud-platform"]
[debug] [2020-02-10T09:07:54.805Z] > authorizing via signed-in user
[debug] [2020-02-10T09:07:54.805Z] [iam] checking project posiidev for permissions ["cloudfunctions.functions.create","cloudfunctions.functions.delete","cloudfunctions.functions.get","cloudfunctions.functions.list","cloudfunctions.functions.update","cloudfunctions.operations.get","firebase.projects.get","firebasehosting.sites.update"]
[debug] [2020-02-10T09:07:54.808Z] >>> HTTP REQUEST POST https://cloudresourcemanager.googleapis.com/v1/projects/posiidev:testIamPermissions  

[debug] [2020-02-10T09:07:55.652Z] <<< HTTP RESPONSE 200
[debug] [2020-02-10T09:07:55.655Z] >>> HTTP REQUEST GET https://firebase.googleapis.com/v1beta1/projects/posiidev  
 
[debug] [2020-02-10T09:07:56.301Z] <<< HTTP RESPONSE 200
[info] 
[info] === Deploying to 'posiidev'...
[info] 
[info] i  deploying functions, hosting
[debug] [2020-02-10T09:08:01.751Z] > [functions] package.json contents: {
  "name": "functions",
  "description": "Cloud Functions for Firebase",
  "scripts": {
    "serve": "firebase serve --only functions",
    "shell": "firebase functions:shell",
    "start": "npm run shell",
    "deploy": "firebase deploy --only functions",
    "logs": "firebase functions:log"
  },
  "engines": {
    "node": "8"
  },
  "dependencies": {
    "firebase-admin": "^8.6.0",
    "firebase-functions": "^3.3.0"
  },
  "devDependencies": {
    "firebase-functions-test": "^0.1.6"
  },
  "private": true
}
[info] i  functions: ensuring necessary APIs are enabled...
[debug] [2020-02-10T09:08:01.753Z] >>> HTTP REQUEST GET https://serviceusage.googleapis.com/v1/projects/posiidev/services/cloudfunctions.googleapis.com  
 
[debug] [2020-02-10T09:08:01.754Z] >>> HTTP REQUEST GET https://serviceusage.googleapis.com/v1/projects/posiidev/services/runtimeconfig.googleapis.com  
 
[debug] [2020-02-10T09:08:02.836Z] <<< HTTP RESPONSE 200
[debug] [2020-02-10T09:08:02.866Z] <<< HTTP RESPONSE 200
[info] ✔  functions: all necessary APIs are enabled
[debug] [2020-02-10T09:08:02.867Z] >>> HTTP REQUEST GET https://firebase.googleapis.com/v1beta1/projects/posiidev/adminSdkConfig  
 
[debug] [2020-02-10T09:08:03.440Z] <<< HTTP RESPONSE 200
[debug] [2020-02-10T09:08:03.442Z] >>> HTTP REQUEST POST https://firebasehosting.googleapis.com/v1beta1/sites/posiidev/versions  

[debug] [2020-02-10T09:08:04.789Z] <<< HTTP RESPONSE 200
[info] i  functions: preparing functions directory for uploading...
[debug] [2020-02-10T09:08:04.794Z] >>> HTTP REQUEST GET https://runtimeconfig.googleapis.com/v1beta1/projects/posiidev/configs  
 
[debug] [2020-02-10T09:08:05.195Z] <<< HTTP RESPONSE 200
[info] i  functions: packaged functions (27.62 KB) for uploading
[debug] [2020-02-10T09:08:06.170Z] >>> HTTP REQUEST POST https://cloudfunctions.googleapis.com/v1/projects/posiidev/locations/us-central1/functions:generateUploadUrl  
 
[debug] [2020-02-10T09:08:06.790Z] <<< HTTP RESPONSE 200
[debug] [2020-02-10T09:08:06.792Z] >>> HTTP REQUEST PUT https://storage.googleapis.com/gcf-upload-us-central1-d7554c20-3989-4ba4-bbec-e75bd67b6aba/4ce3c366-2790-4ae9-b36b-16b4b5951f50.zip?GoogleAccessId=service-617046991056@gcf-admin-robot.iam.gserviceaccount.com&Expires=1581327486&Signature=jXDkA2PMj7K8TmNPe5hQ%2FE7Wy%2FC7ekypptoh%2BYHltuTQuANwBq7cTAnDIWXBQs1D4K7dfcoGg1MrcE2wFTdFjmiLyiW%2Foo9TRUDw9YdylgR%2F7cpxyACPnqs7OhBcVOGTPRVOzhqrzigRahK%2BRaZVmQof8p%2FVHtNNBlixAJXicip%2BVJHvJhN8LfEl4UrulTMlEmt%2B39ysZCH9dduxZLJ%2Fyw0cQgtp5UGVVTxCbY%2FVQScjvi8FHTUriv8SAMbJRBrbAtPa6NWOrifN8D1Y4L9%2BGZno5TscOjBKGGdskVDCNCR1PB618wkG8BCZsLVkpM%2BQZ7deSpFVBVqZ4erkYExvlw%3D%3D  
 <request body omitted>
[debug] [2020-02-10T09:08:07.190Z] <<< HTTP RESPONSE 200
[info] ✔  functions: functions folder uploaded successfully
[info] i  hosting[posiidev]: beginning deploy...
[info] i  hosting[posiidev]: found 21 files in build
