[debug] [2020-02-10T08:35:48.202Z] ----------------------------------------------------------------------
[debug] [2020-02-10T08:35:48.205Z] Command:       /usr/local/Cellar/node/12.10.0/bin/node /usr/local/bin/firebase deploy
[debug] [2020-02-10T08:35:48.205Z] CLI Version:   7.12.1
[debug] [2020-02-10T08:35:48.205Z] Platform:      darwin
[debug] [2020-02-10T08:35:48.205Z] Node Version:  v12.10.0
[debug] [2020-02-10T08:35:48.207Z] Time:          Mon Feb 10 2020 17:35:48 GMT+0900 (日本標準時)
[debug] [2020-02-10T08:35:48.207Z] ----------------------------------------------------------------------
[debug] [2020-02-10T08:35:48.207Z] 
[debug] [2020-02-10T08:35:48.223Z] > command requires scopes: ["email","openid","https://www.googleapis.com/auth/cloudplatformprojects.readonly","https://www.googleapis.com/auth/firebase","https://www.googleapis.com/auth/cloud-platform"]
[debug] [2020-02-10T08:35:48.224Z] > authorizing via signed-in user
[debug] [2020-02-10T08:35:48.224Z] [iam] checking project posiidev for permissions ["cloudfunctions.functions.create","cloudfunctions.functions.delete","cloudfunctions.functions.get","cloudfunctions.functions.list","cloudfunctions.functions.update","cloudfunctions.operations.get","firebase.projects.get","firebasehosting.sites.update"]
[debug] [2020-02-10T08:35:48.226Z] >>> HTTP REQUEST POST https://cloudresourcemanager.googleapis.com/v1/projects/posiidev:testIamPermissions  

[debug] [2020-02-10T08:35:49.073Z] <<< HTTP RESPONSE 200
[debug] [2020-02-10T08:35:49.077Z] >>> HTTP REQUEST GET https://firebase.googleapis.com/v1beta1/projects/posiidev  
 
[debug] [2020-02-10T08:35:49.806Z] <<< HTTP RESPONSE 200
[info] 
[info] === Deploying to 'posiidev'...
[info] 
[info] i  deploying functions, hosting
[debug] [2020-02-10T08:35:55.432Z] > [functions] package.json contents: {
  "name": "functions",
  "description": "Cloud Functions for Firebase",
  "scripts": {
    "serve": "firebase serve --only functions",
    "shell": "firebase functions:shell",
    "start": "npm run shell",
    "deploy": "firebase deploy --only functions",
    "logs": "firebase functions:log"
  },
  "engines": {
    "node": "8"
  },
  "dependencies": {
    "firebase-admin": "^8.6.0",
    "firebase-functions": "^3.3.0"
  },
  "devDependencies": {
    "firebase-functions-test": "^0.1.6"
  },
  "private": true
}
[info] i  functions: ensuring necessary APIs are enabled...
[debug] [2020-02-10T08:35:55.434Z] >>> HTTP REQUEST GET https://serviceusage.googleapis.com/v1/projects/posiidev/services/cloudfunctions.googleapis.com  
 
[debug] [2020-02-10T08:35:55.435Z] >>> HTTP REQUEST GET https://serviceusage.googleapis.com/v1/projects/posiidev/services/runtimeconfig.googleapis.com  
 
[debug] [2020-02-10T08:35:56.709Z] <<< HTTP RESPONSE 200
[debug] [2020-02-10T08:35:56.720Z] <<< HTTP RESPONSE 200
[info] ✔  functions: all necessary APIs are enabled
[debug] [2020-02-10T08:35:56.721Z] >>> HTTP REQUEST GET https://firebase.googleapis.com/v1beta1/projects/posiidev/adminSdkConfig  
 
[debug] [2020-02-10T08:35:57.105Z] <<< HTTP RESPONSE 200
[debug] [2020-02-10T08:35:57.109Z] >>> HTTP REQUEST POST https://firebasehosting.googleapis.com/v1beta1/sites/posiidev/versions  

[debug] [2020-02-10T08:35:58.510Z] <<< HTTP RESPONSE 200
[info] i  functions: preparing functions directory for uploading...
[debug] [2020-02-10T08:35:58.521Z] >>> HTTP REQUEST GET https://runtimeconfig.googleapis.com/v1beta1/projects/posiidev/configs  
 
[debug] [2020-02-10T08:35:58.916Z] <<< HTTP RESPONSE 200
[info] i  functions: packaged functions (27.62 KB) for uploading
[debug] [2020-02-10T08:36:01.818Z] >>> HTTP REQUEST POST https://cloudfunctions.googleapis.com/v1/projects/posiidev/locations/us-central1/functions:generateUploadUrl  
 
[debug] [2020-02-10T08:36:02.662Z] <<< HTTP RESPONSE 200
[debug] [2020-02-10T08:36:02.663Z] >>> HTTP REQUEST PUT https://storage.googleapis.com/gcf-upload-us-central1-d7554c20-3989-4ba4-bbec-e75bd67b6aba/e5fbf4fc-a244-43e4-bd35-17f5dd8716e9.zip?GoogleAccessId=service-617046991056@gcf-admin-robot.iam.gserviceaccount.com&Expires=1581325562&Signature=H187%2BULjKINGi0rTfTsF6Kv%2Bo2pIfKCnA3Nnb8PtlzMMcfEvNb3ghqjB3L1XtLDK1hHGtot6UaZIvlNr%2Fw1qgojzrlvCLjBachWUPJQphuAXJB2LhsUXxBod3oEGtbCP7%2FuyecuoZzl1fxc71x5%2BCf9skHa4tv7PSqgt4RUE3OjeiXZrGwTXjcsRoIMBH2BRAkjaRZKY3E0VC9T7uX9HgvrJmXDDqKp1at4v3Ab%2BgTRcL8rw%2FPPx2guqAcE7gRZzSdufc8evYGc%2Fwiu4MNcels9NQHctyUR7mAVpiqm0pEQC1JpmX4n%2FuLCpWcF%2BIhVh%2BafEtLndfTLcq96I4ZuaLw%3D%3D  
 <request body omitted>
[debug] [2020-02-10T08:36:03.017Z] <<< HTTP RESPONSE 200
[info] ✔  functions: functions folder uploaded successfully
[info] i  hosting[posiidev]: beginning deploy...
[info] i  hosting[posiidev]: found 21 files in build
[debug] [2020-02-10T08:36:05.419Z] [hosting] hash cache [YnVpbGQ] stored for 21 files
[debug] [2020-02-10T08:36:05.420Z] [hosting][hash queue][FINAL]
[debug] [2020-02-10T08:36:05.420Z] >>> HTTP REQUEST POST https://firebasehosting.googleapis.com/v1beta1/sites/posiidev/versions/c71d07a5601d10eb:populateFiles  
 <request body omitted>
[debug] [2020-02-10T08:36:05.918Z] <<< HTTP RESPONSE 200
[debug] [2020-02-10T08:36:05.929Z] [hosting][populate queue][FINAL]
[debug] [2020-02-10T08:36:05.929Z] [hosting] uploads queued: 6
